[2019-07-02 11:43:52 : INFO] - Could not find file for image: ID=1886, file=/var/www/www.roundhousekick.de/wp-content/uploads/2006/09/deaelvis.jpg 
[2019-07-02 11:43:52 : INFO] - Could not find file for image: ID=1337, file=/var/www/www.roundhousekick.de/wp-content/uploads/2006/07/emotionstabelle.png 
[2019-07-02 11:43:52 : INFO] - Could not find file for image: ID=1296, file=/var/www/www.roundhousekick.de/wp-content/uploads/2006/07/weltmeister.jpg 
[2019-07-02 11:43:52 : INFO] - Could not find file for image: ID=1123, file=/var/www/www.roundhousekick.de/wp-content/uploads/2006/06/terminator.jpg 
[2019-07-02 11:43:52 : INFO] - Could not find file for image: ID=991, file=/var/www/www.roundhousekick.de/wp-content/uploads/2006/06/adolf.jpg 
[2019-07-02 11:43:52 : INFO] - Could not find file for image: ID=990, file=/var/www/www.roundhousekick.de/wp-content/uploads/2006/06/rauchen.jpg 
[2019-07-02 11:43:52 : INFO] - Could not find file for image: ID=853, file=/var/www/www.roundhousekick.de/wp-content/uploads/2006/05/sphinx.jpg 
[2019-07-02 11:43:52 : INFO] - Could not find file for image: ID=772, file=/var/www/www.roundhousekick.de/wp-content/uploads/2006/05/roundhousekick_dog.jpg 
[2019-07-02 11:43:52 : INFO] - Could not find file for image: ID=626, file=/var/www/www.roundhousekick.de/wp-content/uploads/2006/05/partypoker.jpg 
[2019-07-02 11:43:52 : INFO] - Could not find file for image: ID=349, file=/var/www/www.roundhousekick.de/wp-content/uploads/2006/03/food.jpg 
[2019-07-02 11:43:52 : INFO] - Could not find file for image: ID=338, file=/var/www/www.roundhousekick.de/wp-content/uploads/2006/03/ribbon.gif 
[2019-07-02 11:43:52 : INFO] - Could not find file for image: ID=253, file=/var/www/www.roundhousekick.de/wp-content/uploads/2006/03/wow_kick.jpg 
[2019-07-02 11:43:52 : INFO] - Could not find file for image: ID=186, file=/var/www/www.roundhousekick.de/wp-content/uploads/2006/03/vatikan.png 
[2019-07-02 11:43:52 : INFO] - Could not find file for image: ID=126, file=/var/www/www.roundhousekick.de/wp-content/uploads/2006/02/superman_motu.jpg 
[2019-07-02 11:43:52 : INFO] - Could not find file for image: ID=98, file=/var/www/www.roundhousekick.de/wp-content/uploads/2006/02/meteorit.jpg 
[2019-07-02 11:43:52 : INFO] - Could not find file for image: ID=68, file=/var/www/www.roundhousekick.de/wp-content/uploads/2006/02/spaziergang.jpg 
[2019-07-02 11:43:52 : INFO] - Could not find file for image: ID=52, file=/var/www/www.roundhousekick.de/wp-content/uploads/2006/02/hair.jpg 
[2019-07-02 11:43:52 : INFO] - Could not find file for image: ID=50, file=/var/www/www.roundhousekick.de/wp-content/uploads/2006/02/magazine_cover.jpg 
[2019-07-02 11:43:52 : INFO] - Could not find file for image: ID=40, file=/var/www/www.roundhousekick.de/wp-content/uploads/2006/02/actionjeans.jpg 
[2019-07-02 11:43:52 : INFO] - Could not find file for image: ID=19, file=/var/www/www.roundhousekick.de/wp-content/uploads/2006/02/googlefight.jpg 
[2019-07-02 11:43:52 : INFO] - Could not find file for image: ID=15, file=/var/www/www.roundhousekick.de/wp-content/uploads/2006/02/race.jpg 
[2019-07-02 11:43:52 : INFO] - Could not find file for image: ID=14, file=/var/www/www.roundhousekick.de/wp-content/uploads/2006/02/azuregos.jpg 
[2019-07-02 11:43:52 : INFO] - Could not find file for image: ID=10, file=/var/www/www.roundhousekick.de/wp-content/uploads/2006/02/itemset.jpg 
[2019-07-02 11:43:52 : INFO] - Could not find file for image: ID=6, file=/var/www/www.roundhousekick.de/wp-content/uploads/2006/02/arcade.gif 
[2021-03-23 08:54:27 : INFO] - Could not find file for image: ID=1886, file=/var/www/www.roundhousekick.de/wp-content/uploads/2006/09/deaelvis.jpg 
[2021-03-23 08:54:27 : INFO] - Could not find file for image: ID=1337, file=/var/www/www.roundhousekick.de/wp-content/uploads/2006/07/emotionstabelle.png 
[2021-03-23 08:54:27 : INFO] - Could not find file for image: ID=1296, file=/var/www/www.roundhousekick.de/wp-content/uploads/2006/07/weltmeister.jpg 
[2021-03-23 08:54:27 : INFO] - Could not find file for image: ID=1123, file=/var/www/www.roundhousekick.de/wp-content/uploads/2006/06/terminator.jpg 
[2021-03-23 08:54:27 : INFO] - Could not find file for image: ID=991, file=/var/www/www.roundhousekick.de/wp-content/uploads/2006/06/adolf.jpg 
[2021-03-23 08:54:27 : INFO] - Could not find file for image: ID=990, file=/var/www/www.roundhousekick.de/wp-content/uploads/2006/06/rauchen.jpg 
[2021-03-23 08:54:27 : INFO] - Could not find file for image: ID=853, file=/var/www/www.roundhousekick.de/wp-content/uploads/2006/05/sphinx.jpg 
[2021-03-23 08:54:27 : INFO] - Could not find file for image: ID=772, file=/var/www/www.roundhousekick.de/wp-content/uploads/2006/05/roundhousekick_dog.jpg 
[2021-03-23 08:54:27 : INFO] - Could not find file for image: ID=626, file=/var/www/www.roundhousekick.de/wp-content/uploads/2006/05/partypoker.jpg 
[2021-03-23 08:54:27 : INFO] - Could not find file for image: ID=349, file=/var/www/www.roundhousekick.de/wp-content/uploads/2006/03/food.jpg 
[2021-03-23 08:54:27 : INFO] - Could not find file for image: ID=338, file=/var/www/www.roundhousekick.de/wp-content/uploads/2006/03/ribbon.gif 
[2021-03-23 08:54:27 : INFO] - Could not find file for image: ID=253, file=/var/www/www.roundhousekick.de/wp-content/uploads/2006/03/wow_kick.jpg 
[2021-03-23 08:54:27 : INFO] - Could not find file for image: ID=186, file=/var/www/www.roundhousekick.de/wp-content/uploads/2006/03/vatikan.png 
[2021-03-23 08:54:27 : INFO] - Could not find file for image: ID=126, file=/var/www/www.roundhousekick.de/wp-content/uploads/2006/02/superman_motu.jpg 
[2021-03-23 08:54:27 : INFO] - Could not find file for image: ID=98, file=/var/www/www.roundhousekick.de/wp-content/uploads/2006/02/meteorit.jpg 
[2021-03-23 08:54:27 : INFO] - Could not find file for image: ID=68, file=/var/www/www.roundhousekick.de/wp-content/uploads/2006/02/spaziergang.jpg 
[2021-03-23 08:54:27 : INFO] - Could not find file for image: ID=52, file=/var/www/www.roundhousekick.de/wp-content/uploads/2006/02/hair.jpg 
[2021-03-23 08:54:27 : INFO] - Could not find file for image: ID=50, file=/var/www/www.roundhousekick.de/wp-content/uploads/2006/02/magazine_cover.jpg 
[2021-03-23 08:54:27 : INFO] - Could not find file for image: ID=40, file=/var/www/www.roundhousekick.de/wp-content/uploads/2006/02/actionjeans.jpg 
[2021-03-23 08:54:27 : INFO] - Could not find file for image: ID=19, file=/var/www/www.roundhousekick.de/wp-content/uploads/2006/02/googlefight.jpg 
[2021-03-23 08:54:27 : INFO] - Could not find file for image: ID=15, file=/var/www/www.roundhousekick.de/wp-content/uploads/2006/02/race.jpg 
[2021-03-23 08:54:27 : INFO] - Could not find file for image: ID=14, file=/var/www/www.roundhousekick.de/wp-content/uploads/2006/02/azuregos.jpg 
[2021-03-23 08:54:27 : INFO] - Could not find file for image: ID=10, file=/var/www/www.roundhousekick.de/wp-content/uploads/2006/02/itemset.jpg 
[2021-03-23 08:54:27 : INFO] - Could not find file for image: ID=6, file=/var/www/www.roundhousekick.de/wp-content/uploads/2006/02/arcade.gif 
[2021-04-30 09:25:08 : INFO] - Could not find file for image: ID=1886, file=/var/www/www.roundhousekick.de/wp-content/uploads/2006/09/deaelvis.jpg 
[2021-04-30 09:25:08 : INFO] - Could not find file for image: ID=1337, file=/var/www/www.roundhousekick.de/wp-content/uploads/2006/07/emotionstabelle.png 
[2021-04-30 09:25:08 : INFO] - Could not find file for image: ID=1296, file=/var/www/www.roundhousekick.de/wp-content/uploads/2006/07/weltmeister.jpg 
[2021-04-30 09:25:08 : INFO] - Could not find file for image: ID=1123, file=/var/www/www.roundhousekick.de/wp-content/uploads/2006/06/terminator.jpg 
[2021-04-30 09:25:08 : INFO] - Could not find file for image: ID=991, file=/var/www/www.roundhousekick.de/wp-content/uploads/2006/06/adolf.jpg 
[2021-04-30 09:25:08 : INFO] - Could not find file for image: ID=990, file=/var/www/www.roundhousekick.de/wp-content/uploads/2006/06/rauchen.jpg 
[2021-04-30 09:25:08 : INFO] - Could not find file for image: ID=853, file=/var/www/www.roundhousekick.de/wp-content/uploads/2006/05/sphinx.jpg 
[2021-04-30 09:25:08 : INFO] - Could not find file for image: ID=772, file=/var/www/www.roundhousekick.de/wp-content/uploads/2006/05/roundhousekick_dog.jpg 
[2021-04-30 09:25:08 : INFO] - Could not find file for image: ID=626, file=/var/www/www.roundhousekick.de/wp-content/uploads/2006/05/partypoker.jpg 
[2021-04-30 09:25:08 : INFO] - Could not find file for image: ID=349, file=/var/www/www.roundhousekick.de/wp-content/uploads/2006/03/food.jpg 
[2021-04-30 09:25:08 : INFO] - Could not find file for image: ID=338, file=/var/www/www.roundhousekick.de/wp-content/uploads/2006/03/ribbon.gif 
[2021-04-30 09:25:08 : INFO] - Could not find file for image: ID=253, file=/var/www/www.roundhousekick.de/wp-content/uploads/2006/03/wow_kick.jpg 
[2021-04-30 09:25:08 : INFO] - Could not find file for image: ID=186, file=/var/www/www.roundhousekick.de/wp-content/uploads/2006/03/vatikan.png 
[2021-04-30 09:25:08 : INFO] - Could not find file for image: ID=126, file=/var/www/www.roundhousekick.de/wp-content/uploads/2006/02/superman_motu.jpg 
[2021-04-30 09:25:08 : INFO] - Could not find file for image: ID=98, file=/var/www/www.roundhousekick.de/wp-content/uploads/2006/02/meteorit.jpg 
[2021-04-30 09:25:08 : INFO] - Could not find file for image: ID=68, file=/var/www/www.roundhousekick.de/wp-content/uploads/2006/02/spaziergang.jpg 
[2021-04-30 09:25:08 : INFO] - Could not find file for image: ID=52, file=/var/www/www.roundhousekick.de/wp-content/uploads/2006/02/hair.jpg 
[2021-04-30 09:25:08 : INFO] - Could not find file for image: ID=50, file=/var/www/www.roundhousekick.de/wp-content/uploads/2006/02/magazine_cover.jpg 
[2021-04-30 09:25:08 : INFO] - Could not find file for image: ID=40, file=/var/www/www.roundhousekick.de/wp-content/uploads/2006/02/actionjeans.jpg 
[2021-04-30 09:25:08 : INFO] - Could not find file for image: ID=19, file=/var/www/www.roundhousekick.de/wp-content/uploads/2006/02/googlefight.jpg 
[2021-04-30 09:25:08 : INFO] - Could not find file for image: ID=15, file=/var/www/www.roundhousekick.de/wp-content/uploads/2006/02/race.jpg 
[2021-04-30 09:25:08 : INFO] - Could not find file for image: ID=14, file=/var/www/www.roundhousekick.de/wp-content/uploads/2006/02/azuregos.jpg 
[2021-04-30 09:25:08 : INFO] - Could not find file for image: ID=10, file=/var/www/www.roundhousekick.de/wp-content/uploads/2006/02/itemset.jpg 
[2021-04-30 09:25:08 : INFO] - Could not find file for image: ID=6, file=/var/www/www.roundhousekick.de/wp-content/uploads/2006/02/arcade.gif 
[2021-08-16 09:03:38 : INFO] - Could not find file for image: ID=1886, file=/var/www/www.roundhousekick.de/wp-content/uploads/2006/09/deaelvis.jpg 
[2021-08-16 09:03:38 : INFO] - Could not find file for image: ID=1337, file=/var/www/www.roundhousekick.de/wp-content/uploads/2006/07/emotionstabelle.png 
[2021-08-16 09:03:38 : INFO] - Could not find file for image: ID=1296, file=/var/www/www.roundhousekick.de/wp-content/uploads/2006/07/weltmeister.jpg 
[2021-08-16 09:03:38 : INFO] - Could not find file for image: ID=1123, file=/var/www/www.roundhousekick.de/wp-content/uploads/2006/06/terminator.jpg 
[2021-08-16 09:03:38 : INFO] - Could not find file for image: ID=991, file=/var/www/www.roundhousekick.de/wp-content/uploads/2006/06/adolf.jpg 
[2021-08-16 09:03:38 : INFO] - Could not find file for image: ID=990, file=/var/www/www.roundhousekick.de/wp-content/uploads/2006/06/rauchen.jpg 
[2021-08-16 09:03:38 : INFO] - Could not find file for image: ID=853, file=/var/www/www.roundhousekick.de/wp-content/uploads/2006/05/sphinx.jpg 
[2021-08-16 09:03:38 : INFO] - Could not find file for image: ID=772, file=/var/www/www.roundhousekick.de/wp-content/uploads/2006/05/roundhousekick_dog.jpg 
[2021-08-16 09:03:38 : INFO] - Could not find file for image: ID=626, file=/var/www/www.roundhousekick.de/wp-content/uploads/2006/05/partypoker.jpg 
[2021-08-16 09:03:38 : INFO] - Could not find file for image: ID=349, file=/var/www/www.roundhousekick.de/wp-content/uploads/2006/03/food.jpg 
[2021-08-16 09:03:38 : INFO] - Could not find file for image: ID=338, file=/var/www/www.roundhousekick.de/wp-content/uploads/2006/03/ribbon.gif 
[2021-08-16 09:03:38 : INFO] - Could not find file for image: ID=253, file=/var/www/www.roundhousekick.de/wp-content/uploads/2006/03/wow_kick.jpg 
[2021-08-16 09:03:38 : INFO] - Could not find file for image: ID=186, file=/var/www/www.roundhousekick.de/wp-content/uploads/2006/03/vatikan.png 
[2021-08-16 09:03:38 : INFO] - Could not find file for image: ID=126, file=/var/www/www.roundhousekick.de/wp-content/uploads/2006/02/superman_motu.jpg 
[2021-08-16 09:03:38 : INFO] - Could not find file for image: ID=98, file=/var/www/www.roundhousekick.de/wp-content/uploads/2006/02/meteorit.jpg 
[2021-08-16 09:03:38 : INFO] - Could not find file for image: ID=68, file=/var/www/www.roundhousekick.de/wp-content/uploads/2006/02/spaziergang.jpg 
[2021-08-16 09:03:38 : INFO] - Could not find file for image: ID=52, file=/var/www/www.roundhousekick.de/wp-content/uploads/2006/02/hair.jpg 
[2021-08-16 09:03:38 : INFO] - Could not find file for image: ID=50, file=/var/www/www.roundhousekick.de/wp-content/uploads/2006/02/magazine_cover.jpg 
[2021-08-16 09:03:38 : INFO] - Could not find file for image: ID=40, file=/var/www/www.roundhousekick.de/wp-content/uploads/2006/02/actionjeans.jpg 
[2021-08-16 09:03:38 : INFO] - Could not find file for image: ID=19, file=/var/www/www.roundhousekick.de/wp-content/uploads/2006/02/googlefight.jpg 
[2021-08-16 09:03:38 : INFO] - Could not find file for image: ID=15, file=/var/www/www.roundhousekick.de/wp-content/uploads/2006/02/race.jpg 
[2021-08-16 09:03:38 : INFO] - Could not find file for image: ID=14, file=/var/www/www.roundhousekick.de/wp-content/uploads/2006/02/azuregos.jpg 
[2021-08-16 09:03:38 : INFO] - Could not find file for image: ID=10, file=/var/www/www.roundhousekick.de/wp-content/uploads/2006/02/itemset.jpg 
[2021-08-16 09:03:38 : INFO] - Could not find file for image: ID=6, file=/var/www/www.roundhousekick.de/wp-content/uploads/2006/02/arcade.gif 
